This is XeTeX, Version 3.14159265-2.6-0.999992 (MiKTeX 2.9.7300 64-bit) (preloaded format=xelatex 2023.12.10)  10 DEC 2023 19:08
entering extended mode
**./index.tex
(index.tex
LaTeX2e <2020-02-02> patch level 5
L3 programming layer <2020-03-03>

! LaTeX Error: File `scrreprt.cls' not found.

Type X to quit or <RETURN> to proceed,
or enter new name. (Default extension: cls)

Enter file name: 
! Emergency stop.
<read *> 
         
l.10 ^^M
         
Here is how much of TeX's memory you used:
 24 strings out of 414580
 403 string characters out of 2906215
 243576 words of memory out of 3000000
 17261 multiletter control sequences out of 15000+200000
 532338 words of font info for 24 fonts, out of 3000000 for 9000
 1348 hyphenation exceptions out of 8191
 14i,0n,17p,88b,10s stack positions out of 5000i,500n,10000p,200000b,50000s

No pages of output.
